<?xml version="1.0" encoding="UTF-8"?>
<!-- Generated by org.testng.reporters.JUnitReportReporter -->
<testsuite hostname="Devs-MacBook-Air.local" failures="0" tests="5" name="qa.pages.homepageTest" time="2.481" errors="0" timestamp="2022-06-09T22:53:21 IST" skipped="4">
  <testcase classname="qa.pages.homepageTest" name="clickProduct" time="2.481"/>
  <system-out>
    <![CDATA[onTestStart method finishedclickProduct
onTestSuccess method finishedclickProduct]]>
  </system-out>
  <testcase classname="qa.pages.homepageTest" name="clickLogin">
    <skipped/>
  </testcase> <!-- clickLogin -->
  <system-out/>
  <testcase classname="qa.pages.homepageTest" name="scroll">
    <skipped/>
  </testcase> <!-- scroll -->
  <system-out/>
  <testcase classname="qa.pages.homepageTest" name="clickCategory">
    <skipped/>
  </testcase> <!-- clickCategory -->
  <system-out/>
  <testcase classname="qa.pages.homepageTest" name="clickHomeLogo">
    <skipped/>
  </testcase> <!-- clickHomeLogo -->
  <system-out/>
</testsuite> <!-- qa.pages.homepageTest -->
